<?xml version="1.0" encoding="UTF-8"?>
<testsuite name="uk.gov.runner.TestRunner" time="1.787" tests="24" errors="0" skipped="0" failures="0">
  <properties>
[...]
</properties>
  <testcase name="Given user enters the URL" classname="| BL06 WJU | HONDA |" time="0.002"/>
  <testcase name="When User clicks on start now button" classname="| BL06 WJU | HONDA |" time="0"/>
  <testcase name="When User enters vehicle &quot;BL06 WJU&quot; number and clicks on continue" classname="| BL06 WJU | HONDA |" time="0"/>
  <testcase name="When User confirms the vehicle details and clicks on continue" classname="| BL06 WJU | HONDA |" time="0"/>
  <testcase name="Then Verify the vehicle make as &quot;HONDA&quot;" classname="| BL06 WJU | HONDA |" time="0"/>
  <testcase name="| BL06 WJU | HONDA |" classname="| BL06 WJU | HONDA |" time="0.574"/>
  <testcase name="Given user enters the URL" classname="| OE07 AAX | FORD |" time="0"/>
  <testcase name="When User clicks on start now button" classname="| OE07 AAX | FORD |" time="0"/>
  <testcase name="When User enters vehicle &quot;OE07 AAX&quot; number and clicks on continue" classname="| OE07 AAX | FORD |" time="0"/>
  <testcase name="When User confirms the vehicle details and clicks on continue" classname="| OE07 AAX | FORD |" time="0"/>
  <testcase name="Then Verify the vehicle make as &quot;FORD&quot;" classname="| OE07 AAX | FORD |" time="0"/>
  <testcase name="| OE07 AAX | FORD |" classname="| OE07 AAX | FORD |" time="0.438"/>
  <testcase name="Given user enters the URL" classname="| AF57 UBD | NISSAN |" time="0"/>
  <testcase name="When User clicks on start now button" classname="| AF57 UBD | NISSAN |" time="0"/>
  <testcase name="When User enters vehicle &quot;AF57 UBD&quot; number and clicks on continue" classname="| AF57 UBD | NISSAN |" time="0"/>
  <testcase name="When User confirms the vehicle details and clicks on continue" classname="| AF57 UBD | NISSAN |" time="0"/>
  <testcase name="Then Verify the vehicle make as &quot;NISSAN&quot;" classname="| AF57 UBD | NISSAN |" time="0"/>
  <testcase name="| AF57 UBD | NISSAN |" classname="| AF57 UBD | NISSAN |" time="0.396"/>
  <testcase name="Given user enters the URL" classname="| RK05 BZT | SAAB |" time="0"/>
  <testcase name="When User clicks on start now button" classname="| RK05 BZT | SAAB |" time="0"/>
  <testcase name="When User enters vehicle &quot;RK05 BZT&quot; number and clicks on continue" classname="| RK05 BZT | SAAB |" time="0"/>
  <testcase name="When User confirms the vehicle details and clicks on continue" classname="| RK05 BZT | SAAB |" time="0"/>
  <testcase name="Then Verify the vehicle make as &quot;SAAB&quot;" classname="| RK05 BZT | SAAB |" time="0"/>
  <testcase name="| RK05 BZT | SAAB |" classname="| RK05 BZT | SAAB |" time="0.377"/>
</testsuite>